{"level":"info","message":"Hello From Acquisitions API!","service":"acquisitions"}
{"level":"info","message":"::1 - - [05/Mar/2026:10:06:53 +0000] \"GET / HTTP/1.1\" 200 28 \"-\" \"Mozilla/5.0 (Windows NT 10.0; Win64; x64) AppleWebKit/537.36 (KHTML, like Gecko) Chrome/145.0.0.0 Safari/537.36\"","service":"acquisitions"}
{"level":"info","message":"Hello From Acquisitions API!","service":"acquisitions"}
{"level":"info","message":"::1 - - [05/Mar/2026:10:17:35 +0000] \"GET / HTTP/1.1\" 304 - \"-\" \"Mozilla/5.0 (Windows NT 10.0; Win64; x64) AppleWebKit/537.36 (KHTML, like Gecko) Chrome/145.0.0.0 Safari/537.36\"","service":"acquisitions"}
{"level":"info","message":"::1 - - [05/Mar/2026:10:17:40 +0000] \"GET /health HTTP/1.1\" 200 74 \"-\" \"Mozilla/5.0 (Windows NT 10.0; Win64; x64) AppleWebKit/537.36 (KHTML, like Gecko) Chrome/145.0.0.0 Safari/537.36\"","service":"acquisitions"}
{"level":"info","message":"::1 - - [05/Mar/2026:10:17:44 +0000] \"GET /api HTTP/1.1\" 200 42 \"-\" \"Mozilla/5.0 (Windows NT 10.0; Win64; x64) AppleWebKit/537.36 (KHTML, like Gecko) Chrome/145.0.0.0 Safari/537.36\"","service":"acquisitions"}
{"level":"info","message":"::1 - - [05/Mar/2026:10:23:11 +0000] \"POST /api/auth HTTP/1.1\" 404 148 \"-\" \"PostmanRuntime/7.51.1\"","service":"acquisitions"}
{"level":"info","message":"::1 - - [05/Mar/2026:10:23:28 +0000] \"POST /api/auth/sign-in HTTP/1.1\" 404 156 \"-\" \"PostmanRuntime/7.51.1\"","service":"acquisitions"}
{"level":"info","message":"::1 - - [05/Mar/2026:10:23:53 +0000] \"POST /api/auth/sign-in HTTP/1.1\" 200 7 \"-\" \"PostmanRuntime/7.51.1\"","service":"acquisitions"}
{"level":"info","message":"::1 - - [05/Mar/2026:11:08:19 +0000] \"POST /api/auth/sign-in HTTP/1.1\" 200 7 \"-\" \"PostmanRuntime/7.51.1\"","service":"acquisitions"}
{"level":"info","message":"::1 - - [05/Mar/2026:11:08:20 +0000] \"POST /api/auth/sign-in HTTP/1.1\" 200 7 \"-\" \"PostmanRuntime/7.51.1\"","service":"acquisitions"}
{"level":"info","message":"::1 - - [05/Mar/2026:11:08:31 +0000] \"POST /api/auth/sign-up HTTP/1.1\" 400 62 \"-\" \"PostmanRuntime/7.51.1\"","service":"acquisitions"}
{"level":"info","message":"::1 - - [05/Mar/2026:11:09:07 +0000] \"POST /api/auth/sign-up HTTP/1.1\" 500 1104 \"-\" \"PostmanRuntime/7.51.1\"","service":"acquisitions"}
{"level":"info","message":"User signed up successfully:${email}","service":"acquisitions"}
{"level":"info","message":"::1 - - [05/Mar/2026:11:09:24 +0000] \"POST /api/auth/sign-up HTTP/1.1\" 201 112 \"-\" \"PostmanRuntime/7.51.1\"","service":"acquisitions"}
{"level":"error","message":"Error creating user: eq is not defined","service":"acquisitions","stack":"ReferenceError: eq is not defined\n    at createUser (file:///D:/Ahemad/acquisitions/src/services/auth.service.js:20:7)\n    at signup (file:///D:/Ahemad/acquisitions/src/controllers/auth.controller.js:21:24)\n    at Layer.handleRequest (D:\\Ahemad\\acquisitions\\node_modules\\router\\lib\\layer.js:152:17)\n    at next (D:\\Ahemad\\acquisitions\\node_modules\\router\\lib\\route.js:157:13)\n    at Route.dispatch (D:\\Ahemad\\acquisitions\\node_modules\\router\\lib\\route.js:117:3)\n    at handle (D:\\Ahemad\\acquisitions\\node_modules\\router\\index.js:435:11)\n    at Layer.handleRequest (D:\\Ahemad\\acquisitions\\node_modules\\router\\lib\\layer.js:152:17)\n    at D:\\Ahemad\\acquisitions\\node_modules\\router\\index.js:295:15\n    at processParams (D:\\Ahemad\\acquisitions\\node_modules\\router\\index.js:582:12)\n    at next (D:\\Ahemad\\acquisitions\\node_modules\\router\\index.js:291:5)"}
{"level":"error","message":"Error signing up user: Failed to create user","service":"acquisitions","stack":"Error: Failed to create user\n    at createUser (file:///D:/Ahemad/acquisitions/src/services/auth.service.js:50:11)\n    at signup (file:///D:/Ahemad/acquisitions/src/controllers/auth.controller.js:21:24)\n    at Layer.handleRequest (D:\\Ahemad\\acquisitions\\node_modules\\router\\lib\\layer.js:152:17)\n    at next (D:\\Ahemad\\acquisitions\\node_modules\\router\\lib\\route.js:157:13)\n    at Route.dispatch (D:\\Ahemad\\acquisitions\\node_modules\\router\\lib\\route.js:117:3)\n    at handle (D:\\Ahemad\\acquisitions\\node_modules\\router\\index.js:435:11)\n    at Layer.handleRequest (D:\\Ahemad\\acquisitions\\node_modules\\router\\lib\\layer.js:152:17)\n    at D:\\Ahemad\\acquisitions\\node_modules\\router\\index.js:295:15\n    at processParams (D:\\Ahemad\\acquisitions\\node_modules\\router\\index.js:582:12)\n    at next (D:\\Ahemad\\acquisitions\\node_modules\\router\\index.js:291:5)"}
{"level":"info","message":"::1 - - [05/Mar/2026:17:41:05 +0000] \"POST /api/auth/sign-up HTTP/1.1\" 409 32 \"-\" \"PostmanRuntime/7.51.1\"","service":"acquisitions"}
{"level":"info","message":"Hello From Acquisitions API!","service":"acquisitions"}
{"level":"info","message":"::1 - - [05/Mar/2026:17:42:26 +0000] \"GET / HTTP/1.1\" 304 - \"-\" \"Mozilla/5.0 (Windows NT 10.0; Win64; x64) AppleWebKit/537.36 (KHTML, like Gecko) Chrome/145.0.0.0 Safari/537.36\"","service":"acquisitions"}
{"level":"error","message":"Error creating user: eq is not defined","service":"acquisitions","stack":"ReferenceError: eq is not defined\n    at createUser (file:///D:/Ahemad/acquisitions/src/services/auth.service.js:20:7)\n    at signup (file:///D:/Ahemad/acquisitions/src/controllers/auth.controller.js:21:24)\n    at Layer.handleRequest (D:\\Ahemad\\acquisitions\\node_modules\\router\\lib\\layer.js:152:17)\n    at next (D:\\Ahemad\\acquisitions\\node_modules\\router\\lib\\route.js:157:13)\n    at Route.dispatch (D:\\Ahemad\\acquisitions\\node_modules\\router\\lib\\route.js:117:3)\n    at handle (D:\\Ahemad\\acquisitions\\node_modules\\router\\index.js:435:11)\n    at Layer.handleRequest (D:\\Ahemad\\acquisitions\\node_modules\\router\\lib\\layer.js:152:17)\n    at D:\\Ahemad\\acquisitions\\node_modules\\router\\index.js:295:15\n    at processParams (D:\\Ahemad\\acquisitions\\node_modules\\router\\index.js:582:12)\n    at next (D:\\Ahemad\\acquisitions\\node_modules\\router\\index.js:291:5)"}
{"level":"error","message":"Error signing up user: Failed to create user","service":"acquisitions","stack":"Error: Failed to create user\n    at createUser (file:///D:/Ahemad/acquisitions/src/services/auth.service.js:50:11)\n    at signup (file:///D:/Ahemad/acquisitions/src/controllers/auth.controller.js:21:24)\n    at Layer.handleRequest (D:\\Ahemad\\acquisitions\\node_modules\\router\\lib\\layer.js:152:17)\n    at next (D:\\Ahemad\\acquisitions\\node_modules\\router\\lib\\route.js:157:13)\n    at Route.dispatch (D:\\Ahemad\\acquisitions\\node_modules\\router\\lib\\route.js:117:3)\n    at handle (D:\\Ahemad\\acquisitions\\node_modules\\router\\index.js:435:11)\n    at Layer.handleRequest (D:\\Ahemad\\acquisitions\\node_modules\\router\\lib\\layer.js:152:17)\n    at D:\\Ahemad\\acquisitions\\node_modules\\router\\index.js:295:15\n    at processParams (D:\\Ahemad\\acquisitions\\node_modules\\router\\index.js:582:12)\n    at next (D:\\Ahemad\\acquisitions\\node_modules\\router\\index.js:291:5)"}
{"level":"info","message":"::1 - - [05/Mar/2026:17:42:33 +0000] \"POST /api/auth/sign-up HTTP/1.1\" 409 32 \"-\" \"PostmanRuntime/7.51.1\"","service":"acquisitions"}
{"level":"info","message":"User created successfully:${email}","service":"acquisitions"}
{"level":"info","message":"User signed up successfully:${email}","service":"acquisitions"}
{"level":"info","message":"::1 - - [05/Mar/2026:17:43:04 +0000] \"POST /api/auth/sign-up HTTP/1.1\" 201 113 \"-\" \"PostmanRuntime/7.51.1\"","service":"acquisitions"}
{"level":"info","message":"User signed in successfully: test@gmail.com","service":"acquisitions"}
{"level":"info","message":"::1 - - [05/Mar/2026:18:08:13 +0000] \"POST /api/auth/sign-in HTTP/1.1\" 200 113 \"-\" \"PostmanRuntime/7.51.1\"","service":"acquisitions"}
{"level":"info","message":"User signed out successfully","service":"acquisitions"}
{"level":"info","message":"::1 - - [05/Mar/2026:18:09:40 +0000] \"POST /api/auth/sign-out HTTP/1.1\" 200 42 \"-\" \"PostmanRuntime/7.51.1\"","service":"acquisitions"}
{"level":"info","message":"::1 - - [06/Mar/2026:10:05:22 +0000] \"GET /health HTTP/1.1\" 500 33 \"-\" \"PostmanRuntime/7.51.1\"","service":"acquisitions"}
{"ip":"::1","level":"warn","message":"Bot request Blocked","path":"/health","service":"acquisitions","userAgent":"PostmanRuntime/7.51.1"}
{"level":"info","message":"::1 - - [06/Mar/2026:10:07:58 +0000] \"GET /health HTTP/1.1\" 403 59 \"-\" \"PostmanRuntime/7.51.1\"","service":"acquisitions"}
{"level":"info","message":"::1 - - [06/Mar/2026:10:10:22 +0000] \"GET /health HTTP/1.1\" 200 73 \"-\" \"PostmanRuntime/7.51.1\"","service":"acquisitions"}
{"level":"info","message":"::1 - - [06/Mar/2026:10:12:42 +0000] \"GET /health HTTP/1.1\" 200 75 \"-\" \"PostmanRuntime/7.51.1\"","service":"acquisitions"}
{"level":"info","message":"::1 - - [06/Mar/2026:10:12:43 +0000] \"GET /health HTTP/1.1\" 200 75 \"-\" \"PostmanRuntime/7.51.1\"","service":"acquisitions"}
{"level":"info","message":"::1 - - [06/Mar/2026:10:12:43 +0000] \"GET /health HTTP/1.1\" 200 75 \"-\" \"PostmanRuntime/7.51.1\"","service":"acquisitions"}
{"level":"info","message":"::1 - - [06/Mar/2026:10:12:44 +0000] \"GET /health HTTP/1.1\" 200 75 \"-\" \"PostmanRuntime/7.51.1\"","service":"acquisitions"}
{"level":"info","message":"::1 - - [06/Mar/2026:10:12:45 +0000] \"GET /health HTTP/1.1\" 200 75 \"-\" \"PostmanRuntime/7.51.1\"","service":"acquisitions"}
{"level":"info","message":"::1 - - [06/Mar/2026:10:12:46 +0000] \"GET /health HTTP/1.1\" 200 75 \"-\" \"PostmanRuntime/7.51.1\"","service":"acquisitions"}
{"level":"info","message":"::1 - - [06/Mar/2026:10:12:46 +0000] \"GET /health HTTP/1.1\" 200 75 \"-\" \"PostmanRuntime/7.51.1\"","service":"acquisitions"}
{"level":"info","message":"::1 - - [06/Mar/2026:10:12:47 +0000] \"GET /health HTTP/1.1\" 200 75 \"-\" \"PostmanRuntime/7.51.1\"","service":"acquisitions"}
{"level":"info","message":"::1 - - [06/Mar/2026:10:12:48 +0000] \"GET /health HTTP/1.1\" 200 75 \"-\" \"PostmanRuntime/7.51.1\"","service":"acquisitions"}
{"level":"info","message":"::1 - - [06/Mar/2026:10:12:49 +0000] \"GET /health HTTP/1.1\" 200 75 \"-\" \"PostmanRuntime/7.51.1\"","service":"acquisitions"}
{"level":"info","message":"::1 - - [06/Mar/2026:10:12:49 +0000] \"GET /health HTTP/1.1\" 200 75 \"-\" \"PostmanRuntime/7.51.1\"","service":"acquisitions"}
{"level":"info","message":"::1 - - [06/Mar/2026:10:12:50 +0000] \"GET /health HTTP/1.1\" 200 75 \"-\" \"PostmanRuntime/7.51.1\"","service":"acquisitions"}
{"level":"info","message":"::1 - - [06/Mar/2026:10:12:51 +0000] \"GET /health HTTP/1.1\" 200 75 \"-\" \"PostmanRuntime/7.51.1\"","service":"acquisitions"}
{"level":"info","message":"::1 - - [06/Mar/2026:10:12:51 +0000] \"GET /health HTTP/1.1\" 200 75 \"-\" \"PostmanRuntime/7.51.1\"","service":"acquisitions"}
{"level":"info","message":"::1 - - [06/Mar/2026:10:12:52 +0000] \"GET /health HTTP/1.1\" 200 75 \"-\" \"PostmanRuntime/7.51.1\"","service":"acquisitions"}
{"level":"info","message":"::1 - - [06/Mar/2026:10:12:53 +0000] \"GET /health HTTP/1.1\" 200 75 \"-\" \"PostmanRuntime/7.51.1\"","service":"acquisitions"}
{"level":"info","message":"::1 - - [06/Mar/2026:10:12:53 +0000] \"GET /health HTTP/1.1\" 200 75 \"-\" \"PostmanRuntime/7.51.1\"","service":"acquisitions"}
{"level":"info","message":"::1 - - [06/Mar/2026:10:12:54 +0000] \"GET /health HTTP/1.1\" 200 75 \"-\" \"PostmanRuntime/7.51.1\"","service":"acquisitions"}
{"level":"info","message":"::1 - - [06/Mar/2026:10:12:54 +0000] \"GET /health HTTP/1.1\" 200 75 \"-\" \"PostmanRuntime/7.51.1\"","service":"acquisitions"}
{"level":"info","message":"::1 - - [06/Mar/2026:10:12:55 +0000] \"GET /health HTTP/1.1\" 200 74 \"-\" \"PostmanRuntime/7.51.1\"","service":"acquisitions"}
{"level":"info","message":"::1 - - [06/Mar/2026:10:12:56 +0000] \"GET /health HTTP/1.1\" 200 75 \"-\" \"PostmanRuntime/7.51.1\"","service":"acquisitions"}
{"level":"info","message":"::1 - - [06/Mar/2026:10:12:57 +0000] \"GET /health HTTP/1.1\" 200 75 \"-\" \"PostmanRuntime/7.51.1\"","service":"acquisitions"}
{"level":"info","message":"::1 - - [06/Mar/2026:10:13:00 +0000] \"GET /health HTTP/1.1\" 200 75 \"-\" \"PostmanRuntime/7.51.1\"","service":"acquisitions"}
{"level":"info","message":"::1 - - [06/Mar/2026:10:13:00 +0000] \"GET /health HTTP/1.1\" 200 75 \"-\" \"PostmanRuntime/7.51.1\"","service":"acquisitions"}
{"level":"info","message":"::1 - - [06/Mar/2026:10:13:04 +0000] \"GET /health HTTP/1.1\" - - \"-\" \"PostmanRuntime/7.51.1\"","service":"acquisitions"}
{"level":"info","message":"::1 - - [06/Mar/2026:10:16:12 +0000] \"GET /health HTTP/1.1\" 200 73 \"-\" \"PostmanRuntime/7.51.1\"","service":"acquisitions"}
{"level":"info","message":"::1 - - [06/Mar/2026:10:16:12 +0000] \"GET /health HTTP/1.1\" 200 72 \"-\" \"PostmanRuntime/7.51.1\"","service":"acquisitions"}
{"level":"info","message":"::1 - - [06/Mar/2026:10:16:13 +0000] \"GET /health HTTP/1.1\" 200 73 \"-\" \"PostmanRuntime/7.51.1\"","service":"acquisitions"}
{"level":"info","message":"::1 - - [06/Mar/2026:10:16:14 +0000] \"GET /health HTTP/1.1\" 200 73 \"-\" \"PostmanRuntime/7.51.1\"","service":"acquisitions"}
{"level":"info","message":"::1 - - [06/Mar/2026:10:16:15 +0000] \"GET /health HTTP/1.1\" 200 73 \"-\" \"PostmanRuntime/7.51.1\"","service":"acquisitions"}
{"level":"info","message":"::1 - - [06/Mar/2026:10:16:15 +0000] \"GET /health HTTP/1.1\" 200 73 \"-\" \"PostmanRuntime/7.51.1\"","service":"acquisitions"}
{"level":"info","message":"::1 - - [06/Mar/2026:10:16:16 +0000] \"GET /health HTTP/1.1\" 200 73 \"-\" \"PostmanRuntime/7.51.1\"","service":"acquisitions"}
{"level":"info","message":"::1 - - [06/Mar/2026:10:16:16 +0000] \"GET /health HTTP/1.1\" 200 73 \"-\" \"PostmanRuntime/7.51.1\"","service":"acquisitions"}
{"level":"info","message":"::1 - - [06/Mar/2026:10:16:19 +0000] \"GET /health HTTP/1.1\" 200 74 \"-\" \"PostmanRuntime/7.51.1\"","service":"acquisitions"}
{"level":"info","message":"::1 - - [06/Mar/2026:10:16:19 +0000] \"GET /health HTTP/1.1\" 200 74 \"-\" \"PostmanRuntime/7.51.1\"","service":"acquisitions"}
{"level":"info","message":"::1 - - [06/Mar/2026:10:16:20 +0000] \"GET /health HTTP/1.1\" 200 74 \"-\" \"PostmanRuntime/7.51.1\"","service":"acquisitions"}
{"level":"info","message":"::1 - - [06/Mar/2026:10:16:22 +0000] \"GET /health HTTP/1.1\" 200 74 \"-\" \"PostmanRuntime/7.51.1\"","service":"acquisitions"}
{"level":"info","message":"::1 - - [06/Mar/2026:10:16:24 +0000] \"GET /health HTTP/1.1\" 200 74 \"-\" \"PostmanRuntime/7.51.1\"","service":"acquisitions"}
{"level":"info","message":"::1 - - [06/Mar/2026:10:16:26 +0000] \"GET /health HTTP/1.1\" 200 74 \"-\" \"PostmanRuntime/7.51.1\"","service":"acquisitions"}
{"level":"info","message":"::1 - - [06/Mar/2026:10:16:28 +0000] \"GET /health HTTP/1.1\" 200 74 \"-\" \"PostmanRuntime/7.51.1\"","service":"acquisitions"}
{"level":"info","message":"::1 - - [06/Mar/2026:10:16:29 +0000] \"GET /health HTTP/1.1\" 200 73 \"-\" \"PostmanRuntime/7.51.1\"","service":"acquisitions"}
{"level":"info","message":"::1 - - [06/Mar/2026:10:16:29 +0000] \"GET /health HTTP/1.1\" 200 74 \"-\" \"PostmanRuntime/7.51.1\"","service":"acquisitions"}
{"level":"info","message":"::1 - - [06/Mar/2026:10:16:30 +0000] \"GET /health HTTP/1.1\" 200 74 \"-\" \"PostmanRuntime/7.51.1\"","service":"acquisitions"}
{"level":"info","message":"::1 - - [06/Mar/2026:10:16:30 +0000] \"GET /health HTTP/1.1\" 200 74 \"-\" \"PostmanRuntime/7.51.1\"","service":"acquisitions"}
{"level":"info","message":"::1 - - [06/Mar/2026:10:16:31 +0000] \"GET /health HTTP/1.1\" 200 74 \"-\" \"PostmanRuntime/7.51.1\"","service":"acquisitions"}
{"level":"info","message":"::1 - - [06/Mar/2026:10:16:36 +0000] \"GET /health HTTP/1.1\" 200 74 \"-\" \"PostmanRuntime/7.51.1\"","service":"acquisitions"}
{"level":"info","message":"::1 - - [06/Mar/2026:10:16:37 +0000] \"GET /health HTTP/1.1\" 200 74 \"-\" \"PostmanRuntime/7.51.1\"","service":"acquisitions"}
{"level":"info","message":"::1 - - [06/Mar/2026:10:16:37 +0000] \"GET /health HTTP/1.1\" 200 74 \"-\" \"PostmanRuntime/7.51.1\"","service":"acquisitions"}
{"level":"info","message":"::1 - - [06/Mar/2026:10:16:38 +0000] \"GET /health HTTP/1.1\" 200 74 \"-\" \"PostmanRuntime/7.51.1\"","service":"acquisitions"}
{"level":"info","message":"::1 - - [06/Mar/2026:10:16:38 +0000] \"GET /health HTTP/1.1\" 200 73 \"-\" \"PostmanRuntime/7.51.1\"","service":"acquisitions"}
{"level":"info","message":"::1 - - [06/Mar/2026:10:16:39 +0000] \"GET /health HTTP/1.1\" 200 74 \"-\" \"PostmanRuntime/7.51.1\"","service":"acquisitions"}
{"level":"info","message":"::1 - - [06/Mar/2026:10:16:39 +0000] \"GET /health HTTP/1.1\" 200 74 \"-\" \"PostmanRuntime/7.51.1\"","service":"acquisitions"}
{"level":"info","message":"::1 - - [06/Mar/2026:10:16:40 +0000] \"GET /health HTTP/1.1\" 200 74 \"-\" \"PostmanRuntime/7.51.1\"","service":"acquisitions"}
{"level":"info","message":"::1 - - [06/Mar/2026:10:16:40 +0000] \"GET /health HTTP/1.1\" 200 74 \"-\" \"PostmanRuntime/7.51.1\"","service":"acquisitions"}
{"level":"info","message":"::1 - - [06/Mar/2026:10:16:41 +0000] \"GET /health HTTP/1.1\" 200 74 \"-\" \"PostmanRuntime/7.51.1\"","service":"acquisitions"}
{"level":"info","message":"::1 - - [06/Mar/2026:10:16:41 +0000] \"GET /health HTTP/1.1\" 200 74 \"-\" \"PostmanRuntime/7.51.1\"","service":"acquisitions"}
{"level":"info","message":"::1 - - [06/Mar/2026:10:16:42 +0000] \"GET /health HTTP/1.1\" 200 74 \"-\" \"PostmanRuntime/7.51.1\"","service":"acquisitions"}
{"level":"info","message":"::1 - - [06/Mar/2026:10:16:43 +0000] \"GET /health HTTP/1.1\" 200 74 \"-\" \"PostmanRuntime/7.51.1\"","service":"acquisitions"}
{"level":"info","message":"::1 - - [06/Mar/2026:10:16:43 +0000] \"GET /health HTTP/1.1\" 200 74 \"-\" \"PostmanRuntime/7.51.1\"","service":"acquisitions"}
{"level":"info","message":"::1 - - [06/Mar/2026:10:17:06 +0000] \"GET /health HTTP/1.1\" 200 73 \"-\" \"PostmanRuntime/7.51.1\"","service":"acquisitions"}
{"level":"info","message":"::1 - - [06/Mar/2026:10:17:07 +0000] \"GET /health HTTP/1.1\" 200 73 \"-\" \"PostmanRuntime/7.51.1\"","service":"acquisitions"}
{"level":"info","message":"::1 - - [06/Mar/2026:10:17:07 +0000] \"GET /health HTTP/1.1\" 200 73 \"-\" \"PostmanRuntime/7.51.1\"","service":"acquisitions"}
{"level":"info","message":"::1 - - [06/Mar/2026:10:17:08 +0000] \"GET /health HTTP/1.1\" 200 73 \"-\" \"PostmanRuntime/7.51.1\"","service":"acquisitions"}
{"level":"info","message":"::1 - - [06/Mar/2026:10:17:08 +0000] \"GET /health HTTP/1.1\" 200 73 \"-\" \"PostmanRuntime/7.51.1\"","service":"acquisitions"}
{"level":"info","message":"::1 - - [06/Mar/2026:10:17:09 +0000] \"GET /health HTTP/1.1\" 200 73 \"-\" \"PostmanRuntime/7.51.1\"","service":"acquisitions"}
{"level":"info","message":"::1 - - [06/Mar/2026:10:17:09 +0000] \"GET /health HTTP/1.1\" 200 73 \"-\" \"PostmanRuntime/7.51.1\"","service":"acquisitions"}
{"level":"info","message":"::1 - - [06/Mar/2026:10:17:10 +0000] \"GET /health HTTP/1.1\" 200 73 \"-\" \"PostmanRuntime/7.51.1\"","service":"acquisitions"}
{"level":"info","message":"::1 - - [06/Mar/2026:10:17:10 +0000] \"GET /health HTTP/1.1\" 200 73 \"-\" \"PostmanRuntime/7.51.1\"","service":"acquisitions"}
{"level":"info","message":"::1 - - [06/Mar/2026:10:17:11 +0000] \"GET /health HTTP/1.1\" 200 72 \"-\" \"PostmanRuntime/7.51.1\"","service":"acquisitions"}
{"level":"info","message":"::1 - - [06/Mar/2026:10:17:11 +0000] \"GET /health HTTP/1.1\" 200 73 \"-\" \"PostmanRuntime/7.51.1\"","service":"acquisitions"}
{"level":"info","message":"::1 - - [06/Mar/2026:10:17:11 +0000] \"GET /health HTTP/1.1\" 200 73 \"-\" \"PostmanRuntime/7.51.1\"","service":"acquisitions"}
{"level":"info","message":"::1 - - [06/Mar/2026:10:17:12 +0000] \"GET /health HTTP/1.1\" 200 73 \"-\" \"PostmanRuntime/7.51.1\"","service":"acquisitions"}
{"level":"info","message":"::1 - - [06/Mar/2026:10:17:12 +0000] \"GET /health HTTP/1.1\" 200 73 \"-\" \"PostmanRuntime/7.51.1\"","service":"acquisitions"}
{"level":"info","message":"::1 - - [06/Mar/2026:10:17:13 +0000] \"GET /health HTTP/1.1\" 200 74 \"-\" \"PostmanRuntime/7.51.1\"","service":"acquisitions"}
{"ip":"::1","level":"warn","message":"Bot request Blocked","path":"/health","service":"acquisitions","userAgent":"PostmanRuntime/7.51.1"}
{"level":"info","message":"::1 - - [06/Mar/2026:10:19:17 +0000] \"GET /health HTTP/1.1\" 403 59 \"-\" \"PostmanRuntime/7.51.1\"","service":"acquisitions"}
{"ip":"::1","level":"warn","message":"Bot request Blocked","path":"/health","service":"acquisitions","userAgent":"PostmanRuntime/7.51.1"}
{"level":"info","message":"::1 - - [06/Mar/2026:10:19:18 +0000] \"GET /health HTTP/1.1\" 403 59 \"-\" \"PostmanRuntime/7.51.1\"","service":"acquisitions"}
{"ip":"::1","level":"warn","message":"Bot request Blocked","path":"/health","service":"acquisitions","userAgent":"PostmanRuntime/7.51.1"}
{"level":"info","message":"::1 - - [06/Mar/2026:10:19:19 +0000] \"GET /health HTTP/1.1\" 403 59 \"-\" \"PostmanRuntime/7.51.1\"","service":"acquisitions"}
{"ip":"::1","level":"warn","message":"Bot request Blocked","path":"/health","service":"acquisitions","userAgent":"PostmanRuntime/7.51.1"}
{"level":"info","message":"::1 - - [06/Mar/2026:10:19:27 +0000] \"GET /health HTTP/1.1\" 403 59 \"-\" \"PostmanRuntime/7.51.1\"","service":"acquisitions"}
{"ip":"::1","level":"warn","message":"Bot request Blocked","path":"/health","service":"acquisitions","userAgent":"PostmanRuntime/7.51.1"}
{"level":"info","message":"::1 - - [06/Mar/2026:10:19:28 +0000] \"GET /health HTTP/1.1\" 403 59 \"-\" \"PostmanRuntime/7.51.1\"","service":"acquisitions"}
{"level":"info","message":"::1 - - [06/Mar/2026:10:22:04 +0000] \"GET /health HTTP/1.1\" 200 74 \"-\" \"PostmanRuntime/7.51.1\"","service":"acquisitions"}
{"level":"info","message":"::1 - - [06/Mar/2026:10:22:05 +0000] \"GET /health HTTP/1.1\" 200 73 \"-\" \"PostmanRuntime/7.51.1\"","service":"acquisitions"}
{"level":"info","message":"::1 - - [06/Mar/2026:10:22:06 +0000] \"GET /health HTTP/1.1\" 200 74 \"-\" \"PostmanRuntime/7.51.1\"","service":"acquisitions"}
{"level":"info","message":"::1 - - [06/Mar/2026:10:22:07 +0000] \"GET /health HTTP/1.1\" 200 74 \"-\" \"PostmanRuntime/7.51.1\"","service":"acquisitions"}
{"level":"info","message":"::1 - - [06/Mar/2026:10:22:07 +0000] \"GET /health HTTP/1.1\" 200 74 \"-\" \"PostmanRuntime/7.51.1\"","service":"acquisitions"}
{"ip":"::1","level":"warn","message":"Rate Limit request Blocked","path":"/health","service":"acquisitions","userAgent":"PostmanRuntime/7.51.1"}
{"level":"info","message":"::1 - - [06/Mar/2026:10:22:08 +0000] \"GET /health HTTP/1.1\" 403 51 \"-\" \"PostmanRuntime/7.51.1\"","service":"acquisitions"}
{"ip":"::1","level":"warn","message":"Rate Limit request Blocked","path":"/health","service":"acquisitions","userAgent":"PostmanRuntime/7.51.1"}
{"level":"info","message":"::1 - - [06/Mar/2026:10:22:09 +0000] \"GET /health HTTP/1.1\" 403 51 \"-\" \"PostmanRuntime/7.51.1\"","service":"acquisitions"}
{"ip":"::1","level":"warn","message":"Rate Limit request Blocked","path":"/health","service":"acquisitions","userAgent":"PostmanRuntime/7.51.1"}
{"level":"info","message":"::1 - - [06/Mar/2026:10:22:09 +0000] \"GET /health HTTP/1.1\" 403 51 \"-\" \"PostmanRuntime/7.51.1\"","service":"acquisitions"}
